{"level":"info","message":"Server running on port 8005","timestamp":"2024-12-13T09:24:27.588Z"}
{"level":"info","message":"Server running on port 8005","timestamp":"2024-12-13T10:15:16.376Z"}
{"level":"info","message":"Received request: GET /api/vehicles","timestamp":"2024-12-13T10:15:46.904Z"}
{"body":{},"level":"error","message":"Route not found","method":"GET","path":"/api/vehicles","stack":"NotFoundError: Route not found\n    at notFoundHandler (/home/oli/Desktop/projects/tms/api/src/middlewares/not-found.ts:9:8)\n    at Layer.handle [as handle_request] (/home/oli/Desktop/projects/tms/api/node_modules/.pnpm/express@4.21.1/node_modules/express/lib/router/layer.js:95:5)\n    at trim_prefix (/home/oli/Desktop/projects/tms/api/node_modules/.pnpm/express@4.21.1/node_modules/express/lib/router/index.js:328:13)\n    at /home/oli/Desktop/projects/tms/api/node_modules/.pnpm/express@4.21.1/node_modules/express/lib/router/index.js:286:9\n    at Function.process_params (/home/oli/Desktop/projects/tms/api/node_modules/.pnpm/express@4.21.1/node_modules/express/lib/router/index.js:346:12)\n    at next (/home/oli/Desktop/projects/tms/api/node_modules/.pnpm/express@4.21.1/node_modules/express/lib/router/index.js:280:10)\n    at /home/oli/Desktop/projects/tms/api/node_modules/.pnpm/express@4.21.1/node_modules/express/lib/router/index.js:646:15\n    at next (/home/oli/Desktop/projects/tms/api/node_modules/.pnpm/express@4.21.1/node_modules/express/lib/router/index.js:265:14)\n    at Function.handle (/home/oli/Desktop/projects/tms/api/node_modules/.pnpm/express@4.21.1/node_modules/express/lib/router/index.js:175:3)\n    at router (/home/oli/Desktop/projects/tms/api/node_modules/.pnpm/express@4.21.1/node_modules/express/lib/router/index.js:47:12)","timestamp":"2024-12-13T10:15:46.969Z"}
{"level":"info","message":"Received request: GET /api/vehicles","timestamp":"2024-12-13T10:15:48.434Z"}
{"body":{},"level":"error","message":"Route not found","method":"GET","path":"/api/vehicles","stack":"NotFoundError: Route not found\n    at notFoundHandler (/home/oli/Desktop/projects/tms/api/src/middlewares/not-found.ts:9:8)\n    at Layer.handle [as handle_request] (/home/oli/Desktop/projects/tms/api/node_modules/.pnpm/express@4.21.1/node_modules/express/lib/router/layer.js:95:5)\n    at trim_prefix (/home/oli/Desktop/projects/tms/api/node_modules/.pnpm/express@4.21.1/node_modules/express/lib/router/index.js:328:13)\n    at /home/oli/Desktop/projects/tms/api/node_modules/.pnpm/express@4.21.1/node_modules/express/lib/router/index.js:286:9\n    at Function.process_params (/home/oli/Desktop/projects/tms/api/node_modules/.pnpm/express@4.21.1/node_modules/express/lib/router/index.js:346:12)\n    at next (/home/oli/Desktop/projects/tms/api/node_modules/.pnpm/express@4.21.1/node_modules/express/lib/router/index.js:280:10)\n    at /home/oli/Desktop/projects/tms/api/node_modules/.pnpm/express@4.21.1/node_modules/express/lib/router/index.js:646:15\n    at next (/home/oli/Desktop/projects/tms/api/node_modules/.pnpm/express@4.21.1/node_modules/express/lib/router/index.js:265:14)\n    at Function.handle (/home/oli/Desktop/projects/tms/api/node_modules/.pnpm/express@4.21.1/node_modules/express/lib/router/index.js:175:3)\n    at router (/home/oli/Desktop/projects/tms/api/node_modules/.pnpm/express@4.21.1/node_modules/express/lib/router/index.js:47:12)","timestamp":"2024-12-13T10:15:48.442Z"}
{"level":"info","message":"Received request: GET /api/vehicles","timestamp":"2024-12-13T10:15:49.477Z"}
{"body":{},"level":"error","message":"Route not found","method":"GET","path":"/api/vehicles","stack":"NotFoundError: Route not found\n    at notFoundHandler (/home/oli/Desktop/projects/tms/api/src/middlewares/not-found.ts:9:8)\n    at Layer.handle [as handle_request] (/home/oli/Desktop/projects/tms/api/node_modules/.pnpm/express@4.21.1/node_modules/express/lib/router/layer.js:95:5)\n    at trim_prefix (/home/oli/Desktop/projects/tms/api/node_modules/.pnpm/express@4.21.1/node_modules/express/lib/router/index.js:328:13)\n    at /home/oli/Desktop/projects/tms/api/node_modules/.pnpm/express@4.21.1/node_modules/express/lib/router/index.js:286:9\n    at Function.process_params (/home/oli/Desktop/projects/tms/api/node_modules/.pnpm/express@4.21.1/node_modules/express/lib/router/index.js:346:12)\n    at next (/home/oli/Desktop/projects/tms/api/node_modules/.pnpm/express@4.21.1/node_modules/express/lib/router/index.js:280:10)\n    at /home/oli/Desktop/projects/tms/api/node_modules/.pnpm/express@4.21.1/node_modules/express/lib/router/index.js:646:15\n    at next (/home/oli/Desktop/projects/tms/api/node_modules/.pnpm/express@4.21.1/node_modules/express/lib/router/index.js:265:14)\n    at Function.handle (/home/oli/Desktop/projects/tms/api/node_modules/.pnpm/express@4.21.1/node_modules/express/lib/router/index.js:175:3)\n    at router (/home/oli/Desktop/projects/tms/api/node_modules/.pnpm/express@4.21.1/node_modules/express/lib/router/index.js:47:12)","timestamp":"2024-12-13T10:15:49.478Z"}
{"level":"info","message":"Received request: GET /api/vehicles","timestamp":"2024-12-13T10:15:51.486Z"}
{"body":{},"level":"error","message":"Route not found","method":"GET","path":"/api/vehicles","stack":"NotFoundError: Route not found\n    at notFoundHandler (/home/oli/Desktop/projects/tms/api/src/middlewares/not-found.ts:9:8)\n    at Layer.handle [as handle_request] (/home/oli/Desktop/projects/tms/api/node_modules/.pnpm/express@4.21.1/node_modules/express/lib/router/layer.js:95:5)\n    at trim_prefix (/home/oli/Desktop/projects/tms/api/node_modules/.pnpm/express@4.21.1/node_modules/express/lib/router/index.js:328:13)\n    at /home/oli/Desktop/projects/tms/api/node_modules/.pnpm/express@4.21.1/node_modules/express/lib/router/index.js:286:9\n    at Function.process_params (/home/oli/Desktop/projects/tms/api/node_modules/.pnpm/express@4.21.1/node_modules/express/lib/router/index.js:346:12)\n    at next (/home/oli/Desktop/projects/tms/api/node_modules/.pnpm/express@4.21.1/node_modules/express/lib/router/index.js:280:10)\n    at /home/oli/Desktop/projects/tms/api/node_modules/.pnpm/express@4.21.1/node_modules/express/lib/router/index.js:646:15\n    at next (/home/oli/Desktop/projects/tms/api/node_modules/.pnpm/express@4.21.1/node_modules/express/lib/router/index.js:265:14)\n    at Function.handle (/home/oli/Desktop/projects/tms/api/node_modules/.pnpm/express@4.21.1/node_modules/express/lib/router/index.js:175:3)\n    at router (/home/oli/Desktop/projects/tms/api/node_modules/.pnpm/express@4.21.1/node_modules/express/lib/router/index.js:47:12)","timestamp":"2024-12-13T10:15:51.491Z"}
{"level":"info","message":"Received request: GET /api/vehicles","timestamp":"2024-12-13T10:15:55.503Z"}
{"body":{},"level":"error","message":"Route not found","method":"GET","path":"/api/vehicles","stack":"NotFoundError: Route not found\n    at notFoundHandler (/home/oli/Desktop/projects/tms/api/src/middlewares/not-found.ts:9:8)\n    at Layer.handle [as handle_request] (/home/oli/Desktop/projects/tms/api/node_modules/.pnpm/express@4.21.1/node_modules/express/lib/router/layer.js:95:5)\n    at trim_prefix (/home/oli/Desktop/projects/tms/api/node_modules/.pnpm/express@4.21.1/node_modules/express/lib/router/index.js:328:13)\n    at /home/oli/Desktop/projects/tms/api/node_modules/.pnpm/express@4.21.1/node_modules/express/lib/router/index.js:286:9\n    at Function.process_params (/home/oli/Desktop/projects/tms/api/node_modules/.pnpm/express@4.21.1/node_modules/express/lib/router/index.js:346:12)\n    at next (/home/oli/Desktop/projects/tms/api/node_modules/.pnpm/express@4.21.1/node_modules/express/lib/router/index.js:280:10)\n    at /home/oli/Desktop/projects/tms/api/node_modules/.pnpm/express@4.21.1/node_modules/express/lib/router/index.js:646:15\n    at next (/home/oli/Desktop/projects/tms/api/node_modules/.pnpm/express@4.21.1/node_modules/express/lib/router/index.js:265:14)\n    at Function.handle (/home/oli/Desktop/projects/tms/api/node_modules/.pnpm/express@4.21.1/node_modules/express/lib/router/index.js:175:3)\n    at router (/home/oli/Desktop/projects/tms/api/node_modules/.pnpm/express@4.21.1/node_modules/express/lib/router/index.js:47:12)","timestamp":"2024-12-13T10:15:55.505Z"}
{"level":"info","message":"Received request: GET /api/vehicles","timestamp":"2024-12-13T10:16:10.558Z"}
{"body":{},"level":"error","message":"Route not found","method":"GET","path":"/api/vehicles","stack":"NotFoundError: Route not found\n    at notFoundHandler (/home/oli/Desktop/projects/tms/api/src/middlewares/not-found.ts:9:8)\n    at Layer.handle [as handle_request] (/home/oli/Desktop/projects/tms/api/node_modules/.pnpm/express@4.21.1/node_modules/express/lib/router/layer.js:95:5)\n    at trim_prefix (/home/oli/Desktop/projects/tms/api/node_modules/.pnpm/express@4.21.1/node_modules/express/lib/router/index.js:328:13)\n    at /home/oli/Desktop/projects/tms/api/node_modules/.pnpm/express@4.21.1/node_modules/express/lib/router/index.js:286:9\n    at Function.process_params (/home/oli/Desktop/projects/tms/api/node_modules/.pnpm/express@4.21.1/node_modules/express/lib/router/index.js:346:12)\n    at next (/home/oli/Desktop/projects/tms/api/node_modules/.pnpm/express@4.21.1/node_modules/express/lib/router/index.js:280:10)\n    at /home/oli/Desktop/projects/tms/api/node_modules/.pnpm/express@4.21.1/node_modules/express/lib/router/index.js:646:15\n    at next (/home/oli/Desktop/projects/tms/api/node_modules/.pnpm/express@4.21.1/node_modules/express/lib/router/index.js:265:14)\n    at Function.handle (/home/oli/Desktop/projects/tms/api/node_modules/.pnpm/express@4.21.1/node_modules/express/lib/router/index.js:175:3)\n    at router (/home/oli/Desktop/projects/tms/api/node_modules/.pnpm/express@4.21.1/node_modules/express/lib/router/index.js:47:12)","timestamp":"2024-12-13T10:16:10.562Z"}
{"level":"info","message":"Received request: GET /api/vehicles","timestamp":"2024-12-13T10:16:11.607Z"}
{"body":{},"level":"error","message":"Route not found","method":"GET","path":"/api/vehicles","stack":"NotFoundError: Route not found\n    at notFoundHandler (/home/oli/Desktop/projects/tms/api/src/middlewares/not-found.ts:9:8)\n    at Layer.handle [as handle_request] (/home/oli/Desktop/projects/tms/api/node_modules/.pnpm/express@4.21.1/node_modules/express/lib/router/layer.js:95:5)\n    at trim_prefix (/home/oli/Desktop/projects/tms/api/node_modules/.pnpm/express@4.21.1/node_modules/express/lib/router/index.js:328:13)\n    at /home/oli/Desktop/projects/tms/api/node_modules/.pnpm/express@4.21.1/node_modules/express/lib/router/index.js:286:9\n    at Function.process_params (/home/oli/Desktop/projects/tms/api/node_modules/.pnpm/express@4.21.1/node_modules/express/lib/router/index.js:346:12)\n    at next (/home/oli/Desktop/projects/tms/api/node_modules/.pnpm/express@4.21.1/node_modules/express/lib/router/index.js:280:10)\n    at /home/oli/Desktop/projects/tms/api/node_modules/.pnpm/express@4.21.1/node_modules/express/lib/router/index.js:646:15\n    at next (/home/oli/Desktop/projects/tms/api/node_modules/.pnpm/express@4.21.1/node_modules/express/lib/router/index.js:265:14)\n    at Function.handle (/home/oli/Desktop/projects/tms/api/node_modules/.pnpm/express@4.21.1/node_modules/express/lib/router/index.js:175:3)\n    at router (/home/oli/Desktop/projects/tms/api/node_modules/.pnpm/express@4.21.1/node_modules/express/lib/router/index.js:47:12)","timestamp":"2024-12-13T10:16:11.610Z"}
{"level":"info","message":"Received request: GET /api/vehicles","timestamp":"2024-12-13T10:16:13.619Z"}
{"body":{},"level":"error","message":"Route not found","method":"GET","path":"/api/vehicles","stack":"NotFoundError: Route not found\n    at notFoundHandler (/home/oli/Desktop/projects/tms/api/src/middlewares/not-found.ts:9:8)\n    at Layer.handle [as handle_request] (/home/oli/Desktop/projects/tms/api/node_modules/.pnpm/express@4.21.1/node_modules/express/lib/router/layer.js:95:5)\n    at trim_prefix (/home/oli/Desktop/projects/tms/api/node_modules/.pnpm/express@4.21.1/node_modules/express/lib/router/index.js:328:13)\n    at /home/oli/Desktop/projects/tms/api/node_modules/.pnpm/express@4.21.1/node_modules/express/lib/router/index.js:286:9\n    at Function.process_params (/home/oli/Desktop/projects/tms/api/node_modules/.pnpm/express@4.21.1/node_modules/express/lib/router/index.js:346:12)\n    at next (/home/oli/Desktop/projects/tms/api/node_modules/.pnpm/express@4.21.1/node_modules/express/lib/router/index.js:280:10)\n    at /home/oli/Desktop/projects/tms/api/node_modules/.pnpm/express@4.21.1/node_modules/express/lib/router/index.js:646:15\n    at next (/home/oli/Desktop/projects/tms/api/node_modules/.pnpm/express@4.21.1/node_modules/express/lib/router/index.js:265:14)\n    at Function.handle (/home/oli/Desktop/projects/tms/api/node_modules/.pnpm/express@4.21.1/node_modules/express/lib/router/index.js:175:3)\n    at router (/home/oli/Desktop/projects/tms/api/node_modules/.pnpm/express@4.21.1/node_modules/express/lib/router/index.js:47:12)","timestamp":"2024-12-13T10:16:13.621Z"}
{"level":"info","message":"Received request: GET /api/vehicles","timestamp":"2024-12-13T10:16:17.632Z"}
{"body":{},"level":"error","message":"Route not found","method":"GET","path":"/api/vehicles","stack":"NotFoundError: Route not found\n    at notFoundHandler (/home/oli/Desktop/projects/tms/api/src/middlewares/not-found.ts:9:8)\n    at Layer.handle [as handle_request] (/home/oli/Desktop/projects/tms/api/node_modules/.pnpm/express@4.21.1/node_modules/express/lib/router/layer.js:95:5)\n    at trim_prefix (/home/oli/Desktop/projects/tms/api/node_modules/.pnpm/express@4.21.1/node_modules/express/lib/router/index.js:328:13)\n    at /home/oli/Desktop/projects/tms/api/node_modules/.pnpm/express@4.21.1/node_modules/express/lib/router/index.js:286:9\n    at Function.process_params (/home/oli/Desktop/projects/tms/api/node_modules/.pnpm/express@4.21.1/node_modules/express/lib/router/index.js:346:12)\n    at next (/home/oli/Desktop/projects/tms/api/node_modules/.pnpm/express@4.21.1/node_modules/express/lib/router/index.js:280:10)\n    at /home/oli/Desktop/projects/tms/api/node_modules/.pnpm/express@4.21.1/node_modules/express/lib/router/index.js:646:15\n    at next (/home/oli/Desktop/projects/tms/api/node_modules/.pnpm/express@4.21.1/node_modules/express/lib/router/index.js:265:14)\n    at Function.handle (/home/oli/Desktop/projects/tms/api/node_modules/.pnpm/express@4.21.1/node_modules/express/lib/router/index.js:175:3)\n    at router (/home/oli/Desktop/projects/tms/api/node_modules/.pnpm/express@4.21.1/node_modules/express/lib/router/index.js:47:12)","timestamp":"2024-12-13T10:16:17.634Z"}
{"level":"info","message":"Server running on port 8005","timestamp":"2024-12-13T10:16:42.238Z"}
{"level":"info","message":"Received request: GET /api/vehicles","timestamp":"2024-12-13T10:16:46.122Z"}
{"level":"info","message":"Received request: GET /api/vehicles","timestamp":"2024-12-13T10:17:11.785Z"}
{"level":"info","message":"Received request: GET /api/vehicles","timestamp":"2024-12-13T10:17:42.332Z"}
{"level":"info","message":"Received request: GET /api/vehicles","timestamp":"2024-12-13T10:19:11.762Z"}
{"level":"info","message":"Received request: GET /api/vehicles","timestamp":"2024-12-13T10:19:11.839Z"}
{"level":"info","message":"Received request: GET /api/vehicles","timestamp":"2024-12-13T10:19:52.214Z"}
{"level":"info","message":"Received request: GET /api/vehicles","timestamp":"2024-12-13T10:19:52.230Z"}
{"level":"info","message":"Received request: GET /api/vehicles","timestamp":"2024-12-13T10:21:28.479Z"}
{"level":"info","message":"Received request: GET /api/vehicles","timestamp":"2024-12-13T10:21:28.588Z"}
{"level":"info","message":"Received request: GET /api/vehicles","timestamp":"2024-12-13T10:21:33.459Z"}
{"level":"info","message":"Received request: GET /api/vehicles","timestamp":"2024-12-13T10:21:33.515Z"}
{"level":"info","message":"Received request: GET /api/vehicles","timestamp":"2024-12-13T10:21:39.731Z"}
{"level":"info","message":"Received request: GET /api/vehicles","timestamp":"2024-12-13T10:21:39.767Z"}
{"level":"info","message":"Received request: GET /api/vehicles","timestamp":"2024-12-13T10:21:48.941Z"}
{"level":"info","message":"Received request: GET /api/vehicles","timestamp":"2024-12-13T10:21:48.949Z"}
{"level":"info","message":"Received request: GET /api/vehicles","timestamp":"2024-12-13T10:21:51.105Z"}
{"level":"info","message":"Received request: GET /api/vehicles","timestamp":"2024-12-13T10:21:52.711Z"}
{"level":"info","message":"Received request: OPTIONS /api/vehicles","timestamp":"2024-12-13T10:21:56.814Z"}
{"level":"info","message":"Received request: POST /api/vehicles","timestamp":"2024-12-13T10:21:56.816Z"}
{"body":{"name":"Rae Hobbs","plateNumber":"650","status":"AVAILABLE"},"level":"error","message":"\nInvalid `prisma.vehicles.create()` invocation:\n\n{\n  data: {\n    name: \"Rae Hobbs\",\n    plateNumber: \"650\",\n    status: \"AVAILABLE\"\n            ~~~~~~~~~~~\n  }\n}\n\nInvalid value for argument `status`. Expected VehicleStatus.","method":"POST","path":"/api/vehicles","stack":"PrismaClientValidationError: \nInvalid `prisma.vehicles.create()` invocation:\n\n{\n  data: {\n    name: \"Rae Hobbs\",\n    plateNumber: \"650\",\n    status: \"AVAILABLE\"\n            ~~~~~~~~~~~\n  }\n}\n\nInvalid value for argument `status`. Expected VehicleStatus.\n    at Dn (/home/oli/Desktop/projects/tms/api/node_modules/.pnpm/@prisma+client@5.20.0_prisma@5.20.0/node_modules/@prisma/client/runtime/library.js:114:8082)\n    at Mn.handleRequestError (/home/oli/Desktop/projects/tms/api/node_modules/.pnpm/@prisma+client@5.20.0_prisma@5.20.0/node_modules/@prisma/client/runtime/library.js:121:7396)\n    at Mn.handleAndLogRequestError (/home/oli/Desktop/projects/tms/api/node_modules/.pnpm/@prisma+client@5.20.0_prisma@5.20.0/node_modules/@prisma/client/runtime/library.js:121:7061)\n    at Mn.request (/home/oli/Desktop/projects/tms/api/node_modules/.pnpm/@prisma+client@5.20.0_prisma@5.20.0/node_modules/@prisma/client/runtime/library.js:121:6745)\n    at async l (/home/oli/Desktop/projects/tms/api/node_modules/.pnpm/@prisma+client@5.20.0_prisma@5.20.0/node_modules/@prisma/client/runtime/library.js:130:9633)","timestamp":"2024-12-13T10:21:56.928Z"}
{"level":"info","message":"Received request: GET /api/vehicles","timestamp":"2024-12-13T10:22:04.544Z"}
{"level":"info","message":"Received request: GET /api/vehicles","timestamp":"2024-12-13T10:23:28.695Z"}
{"level":"info","message":"Server running on port 8005","timestamp":"2024-12-13T10:25:52.711Z"}
{"level":"info","message":"Received request: GET /api/vehicles","timestamp":"2024-12-13T10:25:57.522Z"}
{"level":"info","message":"Received request: GET /api/vehicles","timestamp":"2024-12-13T10:26:00.142Z"}
{"level":"info","message":"Received request: OPTIONS /api/vehicles","timestamp":"2024-12-13T10:26:04.572Z"}
{"level":"info","message":"Received request: POST /api/vehicles","timestamp":"2024-12-13T10:26:04.575Z"}
{"level":"info","message":"Received request: GET /api/vehicles","timestamp":"2024-12-13T10:26:04.709Z"}
{"level":"info","message":"Received request: OPTIONS /api/vehicles/1","timestamp":"2024-12-13T10:26:15.144Z"}
{"level":"info","message":"Received request: PUT /api/vehicles/1","timestamp":"2024-12-13T10:26:15.149Z"}
{"level":"info","message":"Received request: GET /api/vehicles","timestamp":"2024-12-13T10:26:15.256Z"}
{"level":"info","message":"Received request: DELETE /api/vehicles/1","timestamp":"2024-12-13T10:26:19.172Z"}
{"level":"info","message":"Received request: GET /api/vehicles","timestamp":"2024-12-13T10:26:19.245Z"}
{"level":"info","message":"Received request: GET /api/vehicles","timestamp":"2024-12-13T10:26:22.094Z"}
{"level":"info","message":"Received request: GET /api/vehicles","timestamp":"2024-12-13T10:31:48.373Z"}
{"level":"info","message":"Received request: GET /api/vehicles","timestamp":"2024-12-13T10:32:53.825Z"}
{"level":"info","message":"Received request: GET /api/vehicles","timestamp":"2024-12-13T10:33:09.164Z"}
{"level":"info","message":"Received request: OPTIONS /api/vehicles","timestamp":"2024-12-13T10:33:21.678Z"}
{"level":"info","message":"Received request: POST /api/vehicles","timestamp":"2024-12-13T10:33:21.679Z"}
{"level":"info","message":"Received request: GET /api/vehicles","timestamp":"2024-12-13T10:33:21.699Z"}
{"level":"info","message":"Received request: GET /api/vehicles","timestamp":"2024-12-13T10:34:29.828Z"}
{"level":"info","message":"Received request: GET /api/vehicles","timestamp":"2024-12-13T10:34:50.463Z"}
{"level":"info","message":"Received request: GET /api/vehicles","timestamp":"2024-12-13T10:34:53.195Z"}
{"level":"info","message":"Received request: GET /api/vehicles","timestamp":"2024-12-13T10:34:55.033Z"}
{"level":"info","message":"Received request: GET /api/vehicles","timestamp":"2024-12-13T10:35:34.861Z"}
{"level":"info","message":"Received request: GET /api/vehicles","timestamp":"2024-12-13T10:35:39.421Z"}
{"level":"info","message":"Received request: GET /api/vehicles","timestamp":"2024-12-13T10:36:16.045Z"}
{"level":"info","message":"Received request: GET /api/vehicles","timestamp":"2024-12-13T10:36:28.527Z"}
{"level":"info","message":"Received request: GET /api/vehicles","timestamp":"2024-12-13T10:36:38.013Z"}
{"level":"info","message":"Received request: GET /api/vehicles","timestamp":"2024-12-13T10:37:07.545Z"}
{"level":"info","message":"Received request: GET /api/vehicles","timestamp":"2024-12-13T10:37:19.708Z"}
{"level":"info","message":"Received request: GET /api/vehicles","timestamp":"2024-12-13T10:37:23.660Z"}
{"level":"info","message":"Received request: GET /api/vehicles","timestamp":"2024-12-13T10:37:50.693Z"}
{"level":"info","message":"Received request: GET /api/vehicles","timestamp":"2024-12-13T10:37:52.748Z"}
{"level":"info","message":"Received request: GET /api/vehicles","timestamp":"2024-12-13T10:38:04.390Z"}
{"level":"info","message":"Received request: GET /api/vehicles","timestamp":"2024-12-13T10:38:09.132Z"}
{"level":"info","message":"Received request: GET /api/vehicles","timestamp":"2024-12-13T10:38:13.518Z"}
{"level":"info","message":"Received request: GET /api/vehicles","timestamp":"2024-12-13T10:39:48.640Z"}
{"level":"info","message":"Received request: GET /api/vehicles","timestamp":"2024-12-13T10:39:57.367Z"}
{"level":"info","message":"Received request: OPTIONS /api/vehicles/2","timestamp":"2024-12-13T10:40:13.051Z"}
{"level":"info","message":"Received request: PUT /api/vehicles/2","timestamp":"2024-12-13T10:40:13.053Z"}
{"level":"info","message":"Received request: GET /api/vehicles","timestamp":"2024-12-13T10:40:13.124Z"}
{"level":"info","message":"Received request: OPTIONS /api/vehicles","timestamp":"2024-12-13T10:40:18.301Z"}
{"level":"info","message":"Received request: POST /api/vehicles","timestamp":"2024-12-13T10:40:18.302Z"}
{"level":"info","message":"Received request: GET /api/vehicles","timestamp":"2024-12-13T10:40:18.332Z"}
{"level":"info","message":"Received request: GET /api/vehicles","timestamp":"2024-12-13T10:41:29.678Z"}
{"level":"info","message":"Received request: OPTIONS /api/vehicles/3","timestamp":"2024-12-13T10:41:33.594Z"}
{"level":"info","message":"Received request: DELETE /api/vehicles/3","timestamp":"2024-12-13T10:41:33.596Z"}
{"level":"info","message":"Received request: GET /api/vehicles","timestamp":"2024-12-13T10:41:33.649Z"}
{"level":"info","message":"Received request: GET /api/vehicles","timestamp":"2024-12-13T10:42:42.901Z"}
{"level":"info","message":"Received request: GET /api/vehicles","timestamp":"2024-12-13T10:42:45.326Z"}
{"level":"info","message":"Received request: OPTIONS /api/vehicles/2","timestamp":"2024-12-13T10:42:49.410Z"}
{"level":"info","message":"Received request: DELETE /api/vehicles/2","timestamp":"2024-12-13T10:42:49.412Z"}
{"level":"info","message":"Received request: GET /api/vehicles","timestamp":"2024-12-13T10:42:49.444Z"}
{"level":"info","message":"Received request: OPTIONS /api/vehicles","timestamp":"2024-12-13T10:42:52.402Z"}
{"level":"info","message":"Received request: POST /api/vehicles","timestamp":"2024-12-13T10:42:52.404Z"}
{"level":"info","message":"Received request: GET /api/vehicles","timestamp":"2024-12-13T10:42:52.424Z"}
{"level":"info","message":"Received request: OPTIONS /api/vehicles","timestamp":"2024-12-13T10:42:57.699Z"}
{"level":"info","message":"Received request: POST /api/vehicles","timestamp":"2024-12-13T10:42:57.700Z"}
{"level":"info","message":"Received request: GET /api/vehicles","timestamp":"2024-12-13T10:42:57.719Z"}
{"level":"info","message":"Received request: GET /api/vehicles","timestamp":"2024-12-13T10:43:33.847Z"}
{"level":"info","message":"Received request: GET /api/vehicles","timestamp":"2024-12-13T10:43:34.344Z"}
{"level":"info","message":"Received request: GET /api/vehicles","timestamp":"2024-12-13T10:48:05.394Z"}
{"level":"info","message":"Received request: GET /api/vehicles","timestamp":"2024-12-13T10:49:23.680Z"}
{"level":"info","message":"Received request: OPTIONS /api/vehicles","timestamp":"2024-12-13T10:49:30.370Z"}
{"level":"info","message":"Received request: POST /api/vehicles","timestamp":"2024-12-13T10:49:30.372Z"}
{"level":"info","message":"Received request: GET /api/vehicles","timestamp":"2024-12-13T10:49:30.391Z"}
{"level":"info","message":"Received request: GET /api/vehicles","timestamp":"2024-12-13T10:49:33.064Z"}
{"level":"info","message":"Received request: OPTIONS /api/vehicles/6","timestamp":"2024-12-13T10:49:39.813Z"}
{"level":"info","message":"Received request: PUT /api/vehicles/6","timestamp":"2024-12-13T10:49:39.815Z"}
{"level":"info","message":"Received request: GET /api/vehicles","timestamp":"2024-12-13T10:49:39.865Z"}
{"level":"info","message":"Received request: OPTIONS /api/vehicles/6","timestamp":"2024-12-13T10:49:44.997Z"}
{"level":"info","message":"Received request: PUT /api/vehicles/6","timestamp":"2024-12-13T10:49:44.999Z"}
{"level":"info","message":"Received request: GET /api/vehicles","timestamp":"2024-12-13T10:49:45.033Z"}
{"level":"info","message":"Received request: DELETE /api/vehicles/6","timestamp":"2024-12-13T10:49:48.129Z"}
{"level":"info","message":"Received request: GET /api/vehicles","timestamp":"2024-12-13T10:49:48.164Z"}
{"level":"info","message":"Received request: GET /api/vehicles","timestamp":"2024-12-13T10:50:12.836Z"}
{"level":"info","message":"Received request: OPTIONS /api/vehicles","timestamp":"2024-12-13T10:50:16.730Z"}
{"level":"info","message":"Received request: POST /api/vehicles","timestamp":"2024-12-13T10:50:16.732Z"}
{"level":"info","message":"Received request: GET /api/vehicles","timestamp":"2024-12-13T10:50:16.750Z"}
{"level":"info","message":"Received request: OPTIONS /api/vehicles/7","timestamp":"2024-12-13T10:50:32.412Z"}
{"level":"info","message":"Received request: PUT /api/vehicles/7","timestamp":"2024-12-13T10:50:32.415Z"}
{"level":"info","message":"Received request: GET /api/vehicles","timestamp":"2024-12-13T10:50:32.459Z"}
{"level":"info","message":"Received request: OPTIONS /api/vehicles/7","timestamp":"2024-12-13T10:50:42.029Z"}
{"level":"info","message":"Received request: PUT /api/vehicles/7","timestamp":"2024-12-13T10:50:42.031Z"}
{"level":"info","message":"Received request: GET /api/vehicles","timestamp":"2024-12-13T10:50:42.074Z"}
{"level":"info","message":"Received request: GET /api/vehicles","timestamp":"2024-12-13T10:50:59.043Z"}
{"level":"info","message":"Received request: OPTIONS /api/vehicles","timestamp":"2024-12-13T10:51:21.896Z"}
{"level":"info","message":"Received request: POST /api/vehicles","timestamp":"2024-12-13T10:51:21.898Z"}
{"level":"info","message":"Received request: GET /api/vehicles","timestamp":"2024-12-13T10:51:21.925Z"}
{"level":"info","message":"Received request: POST /api/vehicles","timestamp":"2024-12-13T10:51:24.403Z"}
{"level":"info","message":"Received request: GET /api/vehicles","timestamp":"2024-12-13T10:51:24.418Z"}
{"level":"info","message":"Received request: POST /api/vehicles","timestamp":"2024-12-13T10:51:26.594Z"}
{"level":"info","message":"Received request: GET /api/vehicles","timestamp":"2024-12-13T10:51:26.621Z"}
{"level":"info","message":"Received request: OPTIONS /api/vehicles","timestamp":"2024-12-13T10:51:28.772Z"}
{"level":"info","message":"Received request: POST /api/vehicles","timestamp":"2024-12-13T10:51:28.773Z"}
{"level":"info","message":"Received request: GET /api/vehicles","timestamp":"2024-12-13T10:51:28.788Z"}
{"level":"info","message":"Received request: GET /api/vehicles","timestamp":"2024-12-13T10:53:36.406Z"}
{"level":"info","message":"Received request: GET /api/vehicles","timestamp":"2024-12-13T10:54:21.676Z"}
{"level":"info","message":"Received request: OPTIONS /api/vehicles","timestamp":"2024-12-13T10:54:25.209Z"}
{"level":"info","message":"Received request: POST /api/vehicles","timestamp":"2024-12-13T10:54:25.211Z"}
{"level":"info","message":"Received request: GET /api/vehicles","timestamp":"2024-12-13T10:54:25.246Z"}
{"level":"info","message":"Received request: POST /api/vehicles","timestamp":"2024-12-13T10:54:28.162Z"}
{"level":"info","message":"Received request: GET /api/vehicles","timestamp":"2024-12-13T10:54:28.181Z"}
{"level":"info","message":"Received request: OPTIONS /api/vehicles","timestamp":"2024-12-13T10:54:30.507Z"}
{"level":"info","message":"Received request: POST /api/vehicles","timestamp":"2024-12-13T10:54:30.509Z"}
{"level":"info","message":"Received request: GET /api/vehicles","timestamp":"2024-12-13T10:54:30.538Z"}
{"level":"info","message":"Received request: POST /api/vehicles","timestamp":"2024-12-13T10:54:32.573Z"}
{"level":"info","message":"Received request: GET /api/vehicles","timestamp":"2024-12-13T10:54:32.592Z"}
{"level":"info","message":"Received request: GET /api/vehicles","timestamp":"2024-12-13T10:55:28.262Z"}
{"level":"info","message":"Received request: GET /api/vehicles","timestamp":"2024-12-13T10:55:43.464Z"}
{"level":"info","message":"Received request: GET /api/vehicles","timestamp":"2024-12-13T10:55:52.509Z"}
{"level":"info","message":"Received request: GET /api/vehicles","timestamp":"2024-12-13T10:56:37.146Z"}
{"level":"info","message":"Received request: GET /api/vehicles","timestamp":"2024-12-13T10:57:25.391Z"}
{"level":"info","message":"Received request: OPTIONS /api/vehicles","timestamp":"2024-12-13T10:57:29.301Z"}
{"level":"info","message":"Received request: POST /api/vehicles","timestamp":"2024-12-13T10:57:29.303Z"}
{"level":"info","message":"Received request: GET /api/vehicles","timestamp":"2024-12-13T10:57:29.338Z"}
{"level":"info","message":"Received request: OPTIONS /api/vehicles/13","timestamp":"2024-12-13T10:57:40.179Z"}
{"level":"info","message":"Received request: PUT /api/vehicles/13","timestamp":"2024-12-13T10:57:40.183Z"}
{"level":"info","message":"Received request: GET /api/vehicles","timestamp":"2024-12-13T10:57:40.245Z"}
{"level":"info","message":"Received request: GET /api/vehicles","timestamp":"2024-12-13T10:58:43.109Z"}
{"level":"info","message":"Received request: GET /api/vehicles","timestamp":"2024-12-13T10:58:44.285Z"}
{"level":"info","message":"Received request: OPTIONS /api/vehicles","timestamp":"2024-12-13T10:58:46.955Z"}
{"level":"info","message":"Received request: POST /api/vehicles","timestamp":"2024-12-13T10:58:46.957Z"}
{"level":"info","message":"Received request: GET /api/vehicles","timestamp":"2024-12-13T10:58:46.982Z"}
{"level":"info","message":"Received request: OPTIONS /api/vehicles","timestamp":"2024-12-13T10:59:07.720Z"}
{"level":"info","message":"Received request: POST /api/vehicles","timestamp":"2024-12-13T10:59:07.723Z"}
{"level":"info","message":"Received request: GET /api/vehicles","timestamp":"2024-12-13T10:59:07.761Z"}
{"level":"info","message":"Received request: GET /api/vehicles","timestamp":"2024-12-13T10:59:34.756Z"}
{"level":"info","message":"Received request: OPTIONS /api/vehicles","timestamp":"2024-12-13T10:59:37.109Z"}
{"level":"info","message":"Received request: POST /api/vehicles","timestamp":"2024-12-13T10:59:37.111Z"}
{"level":"info","message":"Received request: GET /api/vehicles","timestamp":"2024-12-13T10:59:37.142Z"}
{"level":"info","message":"Received request: OPTIONS /api/vehicles","timestamp":"2024-12-13T10:59:56.395Z"}
{"level":"info","message":"Received request: POST /api/vehicles","timestamp":"2024-12-13T10:59:56.396Z"}
{"level":"info","message":"Received request: GET /api/vehicles","timestamp":"2024-12-13T10:59:56.419Z"}
